<?xml version="1.0" encoding="UTF-8"?>
<!-- Generated by org.testng.reporters.JUnitReportReporter -->
<testsuite hostname="Mounishs-MacBook-Pro.local" failures="0" tests="1" name="com.demoaut.newtours.testscripts.FlightBookingTest" time="16.364" errors="0" timestamp="2020-07-01T00:07:32 EDT" skipped="0">
  <testcase classname="com.demoaut.newtours.testscripts.FlightBookingTest" name="flightbooking" time="16.364"/>
</testsuite> <!-- com.demoaut.newtours.testscripts.FlightBookingTest -->
